{"/Users/rudy/OpenClassroom/projets/Billed/Billed-app-FR-Front-main/src/constants/routes.js": {"path":"/Users/rudy/OpenClassroom/projets/Billed/Billed-app-FR-Front-main/src/constants/routes.js","statementMap":{"0":{"start":{"line":6,"column":27},"end":{"line":11,"column":1}},"1":{"start":{"line":13,"column":22},"end":{"line":27,"column":1}},"2":{"start":{"line":15,"column":2},"end":{"line":26,"column":3}},"3":{"start":{"line":17,"column":6},"end":{"line":17,"column":46}},"4":{"start":{"line":19,"column":6},"end":{"line":19,"column":46}},"5":{"start":{"line":21,"column":6},"end":{"line":21,"column":24}},"6":{"start":{"line":23,"column":6},"end":{"line":23,"column":50}},"7":{"start":{"line":25,"column":6},"end":{"line":25,"column":46}}},"fnMap":{"0":{"name":"(anonymous_0)","decl":{"start":{"line":13,"column":22},"end":{"line":13,"column":23}},"loc":{"start":{"line":13,"column":62},"end":{"line":27,"column":1}},"line":13}},"branchMap":{"0":{"loc":{"start":{"line":15,"column":2},"end":{"line":26,"column":3}},"type":"switch","locations":[{"start":{"line":16,"column":4},"end":{"line":17,"column":46}},{"start":{"line":18,"column":4},"end":{"line":19,"column":46}},{"start":{"line":20,"column":4},"end":{"line":21,"column":24}},{"start":{"line":22,"column":4},"end":{"line":23,"column":50}},{"start":{"line":24,"column":4},"end":{"line":25,"column":46}}],"line":15}},"s":{"0":6,"1":6,"2":41,"3":9,"4":15,"5":4,"6":12,"7":1},"f":{"0":41},"b":{"0":[9,15,4,12,1]},"_coverageSchema":"1a1c01bbd47fc00a2c39e90264f33305004495a9","hash":"b2ffb3d533db160c3acc3afe04a6d4e25bb59299"}
,"/Users/rudy/OpenClassroom/projets/Billed/Billed-app-FR-Front-main/src/constants/usersTest.js": {"path":"/Users/rudy/OpenClassroom/projets/Billed/Billed-app-FR-Front-main/src/constants/usersTest.js","statementMap":{},"fnMap":{},"branchMap":{},"s":{},"f":{},"b":{},"_coverageSchema":"1a1c01bbd47fc00a2c39e90264f33305004495a9","hash":"a403fbad29c6b5c97d1eb97e3cff9342fb0a5d6d"}
,"/Users/rudy/OpenClassroom/projets/Billed/Billed-app-FR-Front-main/src/containers/Bills.js": {"path":"/Users/rudy/OpenClassroom/projets/Billed/Billed-app-FR-Front-main/src/containers/Bills.js","statementMap":{"0":{"start":{"line":7,"column":4},"end":{"line":7,"column":28}},"1":{"start":{"line":8,"column":4},"end":{"line":8,"column":32}},"2":{"start":{"line":9,"column":4},"end":{"line":9,"column":22}},"3":{"start":{"line":10,"column":26},"end":{"line":10,"column":86}},"4":{"start":{"line":11,"column":4},"end":{"line":11,"column":87}},"5":{"start":{"line":11,"column":23},"end":{"line":11,"column":87}},"6":{"start":{"line":12,"column":20},"end":{"line":12,"column":76}},"7":{"start":{"line":13,"column":4},"end":{"line":15,"column":6}},"8":{"start":{"line":13,"column":17},"end":{"line":15,"column":6}},"9":{"start":{"line":14,"column":6},"end":{"line":14,"column":73}},"10":{"start":{"line":14,"column":43},"end":{"line":14,"column":72}},"11":{"start":{"line":16,"column":4},"end":{"line":16,"column":54}},"12":{"start":{"line":19,"column":23},"end":{"line":21,"column":3}},"13":{"start":{"line":20,"column":4},"end":{"line":20,"column":43}},"14":{"start":{"line":23,"column":23},"end":{"line":28,"column":3}},"15":{"start":{"line":24,"column":20},"end":{"line":24,"column":54}},"16":{"start":{"line":25,"column":21},"end":{"line":25,"column":63}},"17":{"start":{"line":26,"column":4},"end":{"line":26,"column":168}},"18":{"start":{"line":27,"column":4},"end":{"line":27,"column":34}},"19":{"start":{"line":30,"column":13},"end":{"line":58,"column":3}},"20":{"start":{"line":31,"column":4},"end":{"line":57,"column":5}},"21":{"start":{"line":32,"column":6},"end":{"line":56,"column":10}},"22":{"start":{"line":36,"column":24},"end":{"line":54,"column":14}},"23":{"start":{"line":38,"column":14},"end":{"line":53,"column":15}},"24":{"start":{"line":39,"column":16},"end":{"line":43,"column":17}},"25":{"start":{"line":47,"column":16},"end":{"line":47,"column":42}},"26":{"start":{"line":48,"column":16},"end":{"line":52,"column":17}},"27":{"start":{"line":55,"column":10},"end":{"line":55,"column":22}}},"fnMap":{"0":{"name":"(anonymous_0)","decl":{"start":{"line":6,"column":2},"end":{"line":6,"column":3}},"loc":{"start":{"line":6,"column":61},"end":{"line":17,"column":3}},"line":6},"1":{"name":"(anonymous_1)","decl":{"start":{"line":13,"column":33},"end":{"line":13,"column":34}},"loc":{"start":{"line":13,"column":41},"end":{"line":15,"column":5}},"line":13},"2":{"name":"(anonymous_2)","decl":{"start":{"line":14,"column":37},"end":{"line":14,"column":38}},"loc":{"start":{"line":14,"column":43},"end":{"line":14,"column":72}},"line":14},"3":{"name":"(anonymous_3)","decl":{"start":{"line":19,"column":23},"end":{"line":19,"column":24}},"loc":{"start":{"line":19,"column":29},"end":{"line":21,"column":3}},"line":19},"4":{"name":"(anonymous_4)","decl":{"start":{"line":23,"column":23},"end":{"line":23,"column":24}},"loc":{"start":{"line":23,"column":33},"end":{"line":28,"column":3}},"line":23},"5":{"name":"(anonymous_5)","decl":{"start":{"line":30,"column":13},"end":{"line":30,"column":14}},"loc":{"start":{"line":30,"column":19},"end":{"line":58,"column":3}},"line":30},"6":{"name":"(anonymous_6)","decl":{"start":{"line":35,"column":14},"end":{"line":35,"column":15}},"loc":{"start":{"line":35,"column":26},"end":{"line":56,"column":9}},"line":35},"7":{"name":"(anonymous_7)","decl":{"start":{"line":37,"column":17},"end":{"line":37,"column":18}},"loc":{"start":{"line":37,"column":24},"end":{"line":54,"column":13}},"line":37}},"branchMap":{"0":{"loc":{"start":{"line":11,"column":4},"end":{"line":11,"column":87}},"type":"if","locations":[{"start":{"line":11,"column":4},"end":{"line":11,"column":87}},{"start":{"line":11,"column":4},"end":{"line":11,"column":87}}],"line":11},"1":{"loc":{"start":{"line":13,"column":4},"end":{"line":15,"column":6}},"type":"if","locations":[{"start":{"line":13,"column":4},"end":{"line":15,"column":6}},{"start":{"line":13,"column":4},"end":{"line":15,"column":6}}],"line":13},"2":{"loc":{"start":{"line":31,"column":4},"end":{"line":57,"column":5}},"type":"if","locations":[{"start":{"line":31,"column":4},"end":{"line":57,"column":5}},{"start":{"line":31,"column":4},"end":{"line":57,"column":5}}],"line":31}},"s":{"0":11,"1":11,"2":11,"3":11,"4":11,"5":10,"6":11,"7":11,"8":11,"9":52,"10":4,"11":11,"12":11,"13":2,"14":11,"15":4,"16":4,"17":4,"18":4,"19":11,"20":6,"21":6,"22":4,"23":16,"24":16,"25":0,"26":0,"27":4},"f":{"0":11,"1":52,"2":4,"3":2,"4":4,"5":6,"6":4,"7":16},"b":{"0":[10,1],"1":[11,0],"2":[6,0]},"_coverageSchema":"1a1c01bbd47fc00a2c39e90264f33305004495a9","hash":"515b0aa70a0f46bfb9447b049e42d44762850536"}
,"/Users/rudy/OpenClassroom/projets/Billed/Billed-app-FR-Front-main/src/containers/Dashboard.js": {"path":"/Users/rudy/OpenClassroom/projets/Billed/Billed-app-FR-Front-main/src/containers/Dashboard.js","statementMap":{"0":{"start":{"line":8,"column":29},"end":{"line":28,"column":1}},"1":{"start":{"line":9,"column":2},"end":{"line":27,"column":11}},"2":{"start":{"line":14,"column":6},"end":{"line":24,"column":7}},"3":{"start":{"line":15,"column":8},"end":{"line":15,"column":50}},"4":{"start":{"line":20,"column":26},"end":{"line":20,"column":72}},"5":{"start":{"line":21,"column":8},"end":{"line":23,"column":58}},"6":{"start":{"line":26,"column":6},"end":{"line":26,"column":28}},"7":{"start":{"line":30,"column":20},"end":{"line":53,"column":1}},"8":{"start":{"line":31,"column":28},"end":{"line":31,"column":52}},"9":{"start":{"line":32,"column":20},"end":{"line":33,"column":40}},"10":{"start":{"line":34,"column":19},"end":{"line":35,"column":55}},"11":{"start":{"line":37,"column":2},"end":{"line":52,"column":4}},"12":{"start":{"line":55,"column":21},"end":{"line":57,"column":1}},"13":{"start":{"line":56,"column":2},"end":{"line":56,"column":76}},"14":{"start":{"line":56,"column":51},"end":{"line":56,"column":61}},"15":{"start":{"line":59,"column":25},"end":{"line":68,"column":1}},"16":{"start":{"line":60,"column":2},"end":{"line":67,"column":3}},"17":{"start":{"line":62,"column":6},"end":{"line":62,"column":22}},"18":{"start":{"line":64,"column":6},"end":{"line":64,"column":23}},"19":{"start":{"line":66,"column":6},"end":{"line":66,"column":22}},"20":{"start":{"line":72,"column":4},"end":{"line":72,"column":28}},"21":{"start":{"line":73,"column":4},"end":{"line":73,"column":32}},"22":{"start":{"line":74,"column":4},"end":{"line":74,"column":22}},"23":{"start":{"line":75,"column":4},"end":{"line":75,"column":71}},"24":{"start":{"line":75,"column":35},"end":{"line":75,"column":70}},"25":{"start":{"line":76,"column":4},"end":{"line":76,"column":71}},"26":{"start":{"line":76,"column":35},"end":{"line":76,"column":70}},"27":{"start":{"line":77,"column":4},"end":{"line":77,"column":71}},"28":{"start":{"line":77,"column":35},"end":{"line":77,"column":70}},"29":{"start":{"line":78,"column":4},"end":{"line":78,"column":44}},"30":{"start":{"line":81,"column":23},"end":{"line":86,"column":3}},"31":{"start":{"line":82,"column":20},"end":{"line":82,"column":58}},"32":{"start":{"line":83,"column":21},"end":{"line":83,"column":69}},"33":{"start":{"line":84,"column":4},"end":{"line":84,"column":144}},"34":{"start":{"line":85,"column":4},"end":{"line":85,"column":96}},"35":{"start":{"line":85,"column":60},"end":{"line":85,"column":96}},"36":{"start":{"line":90,"column":4},"end":{"line":90,"column":75}},"37":{"start":{"line":90,"column":59},"end":{"line":90,"column":75}},"38":{"start":{"line":91,"column":4},"end":{"line":91,"column":71}},"39":{"start":{"line":91,"column":54},"end":{"line":91,"column":71}},"40":{"start":{"line":92,"column":4},"end":{"line":108,"column":5}},"41":{"start":{"line":93,"column":6},"end":{"line":95,"column":8}},"42":{"start":{"line":94,"column":8},"end":{"line":94,"column":61}},"43":{"start":{"line":96,"column":6},"end":{"line":96,"column":62}},"44":{"start":{"line":97,"column":6},"end":{"line":97,"column":69}},"45":{"start":{"line":98,"column":6},"end":{"line":98,"column":52}},"46":{"start":{"line":99,"column":6},"end":{"line":99,"column":20}},"47":{"start":{"line":101,"column":6},"end":{"line":101,"column":62}},"48":{"start":{"line":103,"column":6},"end":{"line":105,"column":8}},"49":{"start":{"line":106,"column":6},"end":{"line":106,"column":52}},"50":{"start":{"line":107,"column":6},"end":{"line":107,"column":20}},"51":{"start":{"line":109,"column":4},"end":{"line":109,"column":51}},"52":{"start":{"line":110,"column":4},"end":{"line":110,"column":72}},"53":{"start":{"line":110,"column":39},"end":{"line":110,"column":71}},"54":{"start":{"line":111,"column":4},"end":{"line":111,"column":72}},"55":{"start":{"line":111,"column":39},"end":{"line":111,"column":71}},"56":{"start":{"line":114,"column":23},"end":{"line":122,"column":3}},"57":{"start":{"line":115,"column":20},"end":{"line":119,"column":5}},"58":{"start":{"line":120,"column":4},"end":{"line":120,"column":28}},"59":{"start":{"line":121,"column":4},"end":{"line":121,"column":45}},"60":{"start":{"line":124,"column":23},"end":{"line":132,"column":3}},"61":{"start":{"line":125,"column":20},"end":{"line":129,"column":5}},"62":{"start":{"line":130,"column":4},"end":{"line":130,"column":28}},"63":{"start":{"line":131,"column":4},"end":{"line":131,"column":45}},"64":{"start":{"line":136,"column":4},"end":{"line":136,"column":76}},"65":{"start":{"line":136,"column":60},"end":{"line":136,"column":76}},"66":{"start":{"line":137,"column":4},"end":{"line":137,"column":77}},"67":{"start":{"line":137,"column":58},"end":{"line":137,"column":77}},"68":{"start":{"line":139,"column":4},"end":{"line":149,"column":5}},"69":{"start":{"line":140,"column":6},"end":{"line":140,"column":70}},"70":{"start":{"line":141,"column":6},"end":{"line":142,"column":65}},"71":{"start":{"line":143,"column":6},"end":{"line":143,"column":21}},"72":{"start":{"line":145,"column":6},"end":{"line":145,"column":71}},"73":{"start":{"line":146,"column":6},"end":{"line":147,"column":17}},"74":{"start":{"line":148,"column":6},"end":{"line":148,"column":21}},"75":{"start":{"line":152,"column":4},"end":{"line":156,"column":6}},"76":{"start":{"line":153,"column":6},"end":{"line":155,"column":67}},"77":{"start":{"line":155,"column":28},"end":{"line":155,"column":65}},"78":{"start":{"line":158,"column":4},"end":{"line":158,"column":16}},"79":{"start":{"line":162,"column":21},"end":{"line":181,"column":3}},"80":{"start":{"line":163,"column":4},"end":{"line":180,"column":5}},"81":{"start":{"line":164,"column":6},"end":{"line":179,"column":10}},"82":{"start":{"line":168,"column":24},"end":{"line":174,"column":15}},"83":{"start":{"line":169,"column":25},"end":{"line":174,"column":13}},"84":{"start":{"line":175,"column":10},"end":{"line":175,"column":22}},"85":{"start":{"line":178,"column":10},"end":{"line":178,"column":22}}},"fnMap":{"0":{"name":"(anonymous_0)","decl":{"start":{"line":8,"column":29},"end":{"line":8,"column":30}},"loc":{"start":{"line":8,"column":47},"end":{"line":28,"column":1}},"line":8},"1":{"name":"(anonymous_1)","decl":{"start":{"line":10,"column":16},"end":{"line":10,"column":17}},"loc":{"start":{"line":10,"column":24},"end":{"line":27,"column":5}},"line":10},"2":{"name":"(anonymous_2)","decl":{"start":{"line":30,"column":20},"end":{"line":30,"column":21}},"loc":{"start":{"line":30,"column":30},"end":{"line":53,"column":1}},"line":30},"3":{"name":"(anonymous_3)","decl":{"start":{"line":55,"column":21},"end":{"line":55,"column":22}},"loc":{"start":{"line":55,"column":32},"end":{"line":57,"column":1}},"line":55},"4":{"name":"(anonymous_4)","decl":{"start":{"line":56,"column":43},"end":{"line":56,"column":44}},"loc":{"start":{"line":56,"column":51},"end":{"line":56,"column":61}},"line":56},"5":{"name":"(anonymous_5)","decl":{"start":{"line":59,"column":25},"end":{"line":59,"column":26}},"loc":{"start":{"line":59,"column":36},"end":{"line":68,"column":1}},"line":59},"6":{"name":"(anonymous_6)","decl":{"start":{"line":71,"column":2},"end":{"line":71,"column":3}},"loc":{"start":{"line":71,"column":68},"end":{"line":79,"column":3}},"line":71},"7":{"name":"(anonymous_7)","decl":{"start":{"line":75,"column":28},"end":{"line":75,"column":29}},"loc":{"start":{"line":75,"column":35},"end":{"line":75,"column":70}},"line":75},"8":{"name":"(anonymous_8)","decl":{"start":{"line":76,"column":28},"end":{"line":76,"column":29}},"loc":{"start":{"line":76,"column":35},"end":{"line":76,"column":70}},"line":76},"9":{"name":"(anonymous_9)","decl":{"start":{"line":77,"column":28},"end":{"line":77,"column":29}},"loc":{"start":{"line":77,"column":35},"end":{"line":77,"column":70}},"line":77},"10":{"name":"(anonymous_10)","decl":{"start":{"line":81,"column":23},"end":{"line":81,"column":24}},"loc":{"start":{"line":81,"column":29},"end":{"line":86,"column":3}},"line":81},"11":{"name":"(anonymous_11)","decl":{"start":{"line":88,"column":2},"end":{"line":88,"column":3}},"loc":{"start":{"line":88,"column":35},"end":{"line":112,"column":3}},"line":88},"12":{"name":"(anonymous_12)","decl":{"start":{"line":93,"column":20},"end":{"line":93,"column":21}},"loc":{"start":{"line":93,"column":25},"end":{"line":95,"column":7}},"line":93},"13":{"name":"(anonymous_13)","decl":{"start":{"line":110,"column":32},"end":{"line":110,"column":33}},"loc":{"start":{"line":110,"column":39},"end":{"line":110,"column":71}},"line":110},"14":{"name":"(anonymous_14)","decl":{"start":{"line":111,"column":32},"end":{"line":111,"column":33}},"loc":{"start":{"line":111,"column":39},"end":{"line":111,"column":71}},"line":111},"15":{"name":"(anonymous_15)","decl":{"start":{"line":114,"column":23},"end":{"line":114,"column":24}},"loc":{"start":{"line":114,"column":36},"end":{"line":122,"column":3}},"line":114},"16":{"name":"(anonymous_16)","decl":{"start":{"line":124,"column":23},"end":{"line":124,"column":24}},"loc":{"start":{"line":124,"column":36},"end":{"line":132,"column":3}},"line":124},"17":{"name":"(anonymous_17)","decl":{"start":{"line":134,"column":2},"end":{"line":134,"column":3}},"loc":{"start":{"line":134,"column":37},"end":{"line":160,"column":3}},"line":134},"18":{"name":"(anonymous_18)","decl":{"start":{"line":152,"column":18},"end":{"line":152,"column":19}},"loc":{"start":{"line":152,"column":26},"end":{"line":156,"column":5}},"line":152},"19":{"name":"(anonymous_19)","decl":{"start":{"line":155,"column":21},"end":{"line":155,"column":22}},"loc":{"start":{"line":155,"column":28},"end":{"line":155,"column":65}},"line":155},"20":{"name":"(anonymous_20)","decl":{"start":{"line":162,"column":21},"end":{"line":162,"column":22}},"loc":{"start":{"line":162,"column":27},"end":{"line":181,"column":3}},"line":162},"21":{"name":"(anonymous_21)","decl":{"start":{"line":167,"column":14},"end":{"line":167,"column":15}},"loc":{"start":{"line":167,"column":26},"end":{"line":176,"column":9}},"line":167},"22":{"name":"(anonymous_22)","decl":{"start":{"line":169,"column":17},"end":{"line":169,"column":18}},"loc":{"start":{"line":169,"column":25},"end":{"line":174,"column":13}},"line":169},"23":{"name":"(anonymous_23)","decl":{"start":{"line":177,"column":15},"end":{"line":177,"column":16}},"loc":{"start":{"line":177,"column":24},"end":{"line":179,"column":9}},"line":177}},"branchMap":{"0":{"loc":{"start":{"line":9,"column":9},"end":{"line":27,"column":11}},"type":"cond-expr","locations":[{"start":{"line":10,"column":4},"end":{"line":27,"column":6}},{"start":{"line":27,"column":9},"end":{"line":27,"column":11}}],"line":9},"1":{"loc":{"start":{"line":9,"column":10},"end":{"line":9,"column":29}},"type":"binary-expr","locations":[{"start":{"line":9,"column":10},"end":{"line":9,"column":14}},{"start":{"line":9,"column":18},"end":{"line":9,"column":29}}],"line":9},"2":{"loc":{"start":{"line":14,"column":6},"end":{"line":24,"column":7}},"type":"if","locations":[{"start":{"line":14,"column":6},"end":{"line":24,"column":7}},{"start":{"line":14,"column":6},"end":{"line":24,"column":7}}],"line":14},"3":{"loc":{"start":{"line":22,"column":10},"end":{"line":23,"column":58}},"type":"binary-expr","locations":[{"start":{"line":22,"column":11},"end":{"line":22,"column":33}},{"start":{"line":23,"column":10},"end":{"line":23,"column":58}}],"line":22},"4":{"loc":{"start":{"line":32,"column":20},"end":{"line":33,"column":40}},"type":"cond-expr","locations":[{"start":{"line":33,"column":4},"end":{"line":33,"column":35}},{"start":{"line":33,"column":38},"end":{"line":33,"column":40}}],"line":32},"5":{"loc":{"start":{"line":34,"column":19},"end":{"line":35,"column":55}},"type":"cond-expr","locations":[{"start":{"line":35,"column":4},"end":{"line":35,"column":35}},{"start":{"line":35,"column":38},"end":{"line":35,"column":55}}],"line":34},"6":{"loc":{"start":{"line":56,"column":9},"end":{"line":56,"column":76}},"type":"cond-expr","locations":[{"start":{"line":56,"column":33},"end":{"line":56,"column":71}},{"start":{"line":56,"column":74},"end":{"line":56,"column":76}}],"line":56},"7":{"loc":{"start":{"line":56,"column":9},"end":{"line":56,"column":30}},"type":"binary-expr","locations":[{"start":{"line":56,"column":9},"end":{"line":56,"column":14}},{"start":{"line":56,"column":18},"end":{"line":56,"column":30}}],"line":56},"8":{"loc":{"start":{"line":60,"column":2},"end":{"line":67,"column":3}},"type":"switch","locations":[{"start":{"line":61,"column":4},"end":{"line":62,"column":22}},{"start":{"line":63,"column":4},"end":{"line":64,"column":23}},{"start":{"line":65,"column":4},"end":{"line":66,"column":22}}],"line":60},"9":{"loc":{"start":{"line":85,"column":4},"end":{"line":85,"column":96}},"type":"if","locations":[{"start":{"line":85,"column":4},"end":{"line":85,"column":96}},{"start":{"line":85,"column":4},"end":{"line":85,"column":96}}],"line":85},"10":{"loc":{"start":{"line":90,"column":4},"end":{"line":90,"column":75}},"type":"if","locations":[{"start":{"line":90,"column":4},"end":{"line":90,"column":75}},{"start":{"line":90,"column":4},"end":{"line":90,"column":75}}],"line":90},"11":{"loc":{"start":{"line":90,"column":8},"end":{"line":90,"column":57}},"type":"binary-expr","locations":[{"start":{"line":90,"column":8},"end":{"line":90,"column":34}},{"start":{"line":90,"column":38},"end":{"line":90,"column":57}}],"line":90},"12":{"loc":{"start":{"line":91,"column":4},"end":{"line":91,"column":71}},"type":"if","locations":[{"start":{"line":91,"column":4},"end":{"line":91,"column":71}},{"start":{"line":91,"column":4},"end":{"line":91,"column":71}}],"line":91},"13":{"loc":{"start":{"line":91,"column":8},"end":{"line":91,"column":52}},"type":"binary-expr","locations":[{"start":{"line":91,"column":8},"end":{"line":91,"column":29}},{"start":{"line":91,"column":33},"end":{"line":91,"column":52}}],"line":91},"14":{"loc":{"start":{"line":92,"column":4},"end":{"line":108,"column":5}},"type":"if","locations":[{"start":{"line":92,"column":4},"end":{"line":108,"column":5}},{"start":{"line":92,"column":4},"end":{"line":108,"column":5}}],"line":92},"15":{"loc":{"start":{"line":136,"column":4},"end":{"line":136,"column":76}},"type":"if","locations":[{"start":{"line":136,"column":4},"end":{"line":136,"column":76}},{"start":{"line":136,"column":4},"end":{"line":136,"column":76}}],"line":136},"16":{"loc":{"start":{"line":136,"column":8},"end":{"line":136,"column":58}},"type":"binary-expr","locations":[{"start":{"line":136,"column":8},"end":{"line":136,"column":34}},{"start":{"line":136,"column":38},"end":{"line":136,"column":58}}],"line":136},"17":{"loc":{"start":{"line":137,"column":4},"end":{"line":137,"column":77}},"type":"if","locations":[{"start":{"line":137,"column":4},"end":{"line":137,"column":77}},{"start":{"line":137,"column":4},"end":{"line":137,"column":77}}],"line":137},"18":{"loc":{"start":{"line":137,"column":8},"end":{"line":137,"column":56}},"type":"binary-expr","locations":[{"start":{"line":137,"column":8},"end":{"line":137,"column":32}},{"start":{"line":137,"column":36},"end":{"line":137,"column":56}}],"line":137},"19":{"loc":{"start":{"line":139,"column":4},"end":{"line":149,"column":5}},"type":"if","locations":[{"start":{"line":139,"column":4},"end":{"line":149,"column":5}},{"start":{"line":139,"column":4},"end":{"line":149,"column":5}}],"line":139},"20":{"loc":{"start":{"line":163,"column":4},"end":{"line":180,"column":5}},"type":"if","locations":[{"start":{"line":163,"column":4},"end":{"line":180,"column":5}},{"start":{"line":163,"column":4},"end":{"line":180,"column":5}}],"line":163}},"s":{"0":6,"1":44,"2":104,"3":104,"4":0,"5":0,"6":104,"7":6,"8":6,"9":6,"10":6,"11":6,"12":6,"13":6,"14":6,"15":6,"16":5,"17":3,"18":1,"19":1,"20":14,"21":14,"22":14,"23":14,"24":0,"25":14,"26":0,"27":14,"28":0,"29":14,"30":14,"31":1,"32":1,"33":1,"34":1,"35":0,"36":3,"37":2,"38":3,"39":2,"40":3,"41":2,"42":8,"43":2,"44":2,"45":2,"46":2,"47":1,"48":1,"49":1,"50":1,"51":3,"52":3,"53":0,"54":3,"55":0,"56":14,"57":1,"58":1,"59":1,"60":14,"61":1,"62":1,"63":1,"64":5,"65":5,"66":5,"67":5,"68":5,"69":5,"70":5,"71":5,"72":0,"73":0,"74":0,"75":5,"76":20,"77":3,"78":5,"79":14,"80":5,"81":5,"82":3,"83":12,"84":3,"85":2},"f":{"0":44,"1":104,"2":6,"3":6,"4":6,"5":5,"6":14,"7":0,"8":0,"9":0,"10":1,"11":3,"12":8,"13":0,"14":0,"15":1,"16":1,"17":5,"18":20,"19":3,"20":5,"21":3,"22":12,"23":2},"b":{"0":[26,18],"1":[44,26],"2":[104,0],"3":[0,0],"4":[0,6],"5":[0,6],"6":[5,1],"7":[6,6],"8":[3,1,1],"9":[0,1],"10":[2,1],"11":[3,3],"12":[2,1],"13":[3,1],"14":[2,1],"15":[5,0],"16":[5,2],"17":[5,0],"18":[5,2],"19":[5,0],"20":[5,0]},"_coverageSchema":"1a1c01bbd47fc00a2c39e90264f33305004495a9","hash":"9edbc0a11da7bbb7700463b4fb7e75c2ee5bf67d"}
,"/Users/rudy/OpenClassroom/projets/Billed/Billed-app-FR-Front-main/src/containers/Login.js": {"path":"/Users/rudy/OpenClassroom/projets/Billed/Billed-app-FR-Front-main/src/containers/Login.js","statementMap":{"0":{"start":{"line":3,"column":31},"end":{"line":3,"column":33}},"1":{"start":{"line":8,"column":4},"end":{"line":8,"column":28}},"2":{"start":{"line":9,"column":4},"end":{"line":9,"column":36}},"3":{"start":{"line":10,"column":4},"end":{"line":10,"column":32}},"4":{"start":{"line":11,"column":4},"end":{"line":11,"column":46}},"5":{"start":{"line":12,"column":4},"end":{"line":12,"column":22}},"6":{"start":{"line":13,"column":25},"end":{"line":13,"column":89}},"7":{"start":{"line":14,"column":4},"end":{"line":14,"column":70}},"8":{"start":{"line":15,"column":22},"end":{"line":15,"column":83}},"9":{"start":{"line":16,"column":4},"end":{"line":16,"column":64}},"10":{"start":{"line":18,"column":25},"end":{"line":38,"column":3}},"11":{"start":{"line":19,"column":4},"end":{"line":19,"column":22}},"12":{"start":{"line":20,"column":17},"end":{"line":25,"column":5}},"13":{"start":{"line":26,"column":4},"end":{"line":26,"column":59}},"14":{"start":{"line":27,"column":4},"end":{"line":36,"column":8}},"15":{"start":{"line":29,"column":17},"end":{"line":29,"column":38}},"16":{"start":{"line":32,"column":8},"end":{"line":32,"column":45}},"17":{"start":{"line":33,"column":8},"end":{"line":33,"column":53}},"18":{"start":{"line":34,"column":8},"end":{"line":34,"column":50}},"19":{"start":{"line":35,"column":8},"end":{"line":35,"column":57}},"20":{"start":{"line":40,"column":22},"end":{"line":65,"column":3}},"21":{"start":{"line":41,"column":4},"end":{"line":41,"column":22}},"22":{"start":{"line":48,"column":17},"end":{"line":53,"column":5}},"23":{"start":{"line":54,"column":4},"end":{"line":54,"column":59}},"24":{"start":{"line":55,"column":4},"end":{"line":64,"column":8}},"25":{"start":{"line":57,"column":17},"end":{"line":57,"column":38}},"26":{"start":{"line":60,"column":8},"end":{"line":60,"column":49}},"27":{"start":{"line":61,"column":8},"end":{"line":61,"column":57}},"28":{"start":{"line":62,"column":8},"end":{"line":62,"column":50}},"29":{"start":{"line":63,"column":8},"end":{"line":63,"column":52}},"30":{"start":{"line":68,"column":10},"end":{"line":80,"column":3}},"31":{"start":{"line":69,"column":4},"end":{"line":79,"column":5}},"32":{"start":{"line":70,"column":6},"end":{"line":76,"column":10}},"33":{"start":{"line":75,"column":10},"end":{"line":75,"column":42}},"34":{"start":{"line":78,"column":6},"end":{"line":78,"column":17}},"35":{"start":{"line":83,"column":15},"end":{"line":102,"column":3}},"36":{"start":{"line":84,"column":4},"end":{"line":101,"column":5}},"37":{"start":{"line":85,"column":6},"end":{"line":98,"column":10}},"38":{"start":{"line":96,"column":10},"end":{"line":96,"column":59}},"39":{"start":{"line":97,"column":10},"end":{"line":97,"column":33}},"40":{"start":{"line":100,"column":6},"end":{"line":100,"column":17}}},"fnMap":{"0":{"name":"(anonymous_0)","decl":{"start":{"line":7,"column":2},"end":{"line":7,"column":3}},"loc":{"start":{"line":7,"column":80},"end":{"line":17,"column":3}},"line":7},"1":{"name":"(anonymous_1)","decl":{"start":{"line":18,"column":25},"end":{"line":18,"column":26}},"loc":{"start":{"line":18,"column":30},"end":{"line":38,"column":3}},"line":18},"2":{"name":"(anonymous_2)","decl":{"start":{"line":29,"column":8},"end":{"line":29,"column":9}},"loc":{"start":{"line":29,"column":17},"end":{"line":29,"column":38}},"line":29},"3":{"name":"(anonymous_3)","decl":{"start":{"line":31,"column":12},"end":{"line":31,"column":13}},"loc":{"start":{"line":31,"column":18},"end":{"line":36,"column":7}},"line":31},"4":{"name":"(anonymous_4)","decl":{"start":{"line":40,"column":22},"end":{"line":40,"column":23}},"loc":{"start":{"line":40,"column":27},"end":{"line":65,"column":3}},"line":40},"5":{"name":"(anonymous_5)","decl":{"start":{"line":57,"column":8},"end":{"line":57,"column":9}},"loc":{"start":{"line":57,"column":17},"end":{"line":57,"column":38}},"line":57},"6":{"name":"(anonymous_6)","decl":{"start":{"line":59,"column":12},"end":{"line":59,"column":13}},"loc":{"start":{"line":59,"column":18},"end":{"line":64,"column":7}},"line":59},"7":{"name":"(anonymous_7)","decl":{"start":{"line":68,"column":10},"end":{"line":68,"column":11}},"loc":{"start":{"line":68,"column":20},"end":{"line":80,"column":3}},"line":68},"8":{"name":"(anonymous_8)","decl":{"start":{"line":74,"column":17},"end":{"line":74,"column":18}},"loc":{"start":{"line":74,"column":30},"end":{"line":76,"column":9}},"line":74},"9":{"name":"(anonymous_9)","decl":{"start":{"line":83,"column":15},"end":{"line":83,"column":16}},"loc":{"start":{"line":83,"column":25},"end":{"line":102,"column":3}},"line":83},"10":{"name":"(anonymous_10)","decl":{"start":{"line":95,"column":14},"end":{"line":95,"column":15}},"loc":{"start":{"line":95,"column":20},"end":{"line":98,"column":9}},"line":95}},"branchMap":{"0":{"loc":{"start":{"line":69,"column":4},"end":{"line":79,"column":5}},"type":"if","locations":[{"start":{"line":69,"column":4},"end":{"line":79,"column":5}},{"start":{"line":69,"column":4},"end":{"line":79,"column":5}}],"line":69},"1":{"loc":{"start":{"line":84,"column":4},"end":{"line":101,"column":5}},"type":"if","locations":[{"start":{"line":84,"column":4},"end":{"line":101,"column":5}},{"start":{"line":84,"column":4},"end":{"line":101,"column":5}}],"line":84}},"s":{"0":3,"1":4,"2":4,"3":4,"4":4,"5":4,"6":4,"7":4,"8":4,"9":4,"10":4,"11":2,"12":2,"13":2,"14":2,"15":0,"16":2,"17":2,"18":2,"19":2,"20":4,"21":2,"22":2,"23":2,"24":2,"25":0,"26":2,"27":2,"28":2,"29":2,"30":4,"31":0,"32":0,"33":0,"34":0,"35":4,"36":0,"37":0,"38":0,"39":0,"40":0},"f":{"0":4,"1":2,"2":0,"3":2,"4":2,"5":0,"6":2,"7":0,"8":0,"9":0,"10":0},"b":{"0":[0,0],"1":[0,0]},"_coverageSchema":"1a1c01bbd47fc00a2c39e90264f33305004495a9","hash":"324e336faabcb25c2344b1f74e63e512c223c5fe"}
,"/Users/rudy/OpenClassroom/projets/Billed/Billed-app-FR-Front-main/src/containers/Logout.js": {"path":"/Users/rudy/OpenClassroom/projets/Billed/Billed-app-FR-Front-main/src/containers/Logout.js","statementMap":{"0":{"start":{"line":5,"column":4},"end":{"line":5,"column":28}},"1":{"start":{"line":6,"column":4},"end":{"line":6,"column":32}},"2":{"start":{"line":7,"column":4},"end":{"line":7,"column":36}},"3":{"start":{"line":8,"column":4},"end":{"line":8,"column":51}},"4":{"start":{"line":11,"column":16},"end":{"line":14,"column":3}},"5":{"start":{"line":12,"column":4},"end":{"line":12,"column":29}},"6":{"start":{"line":13,"column":4},"end":{"line":13,"column":41}}},"fnMap":{"0":{"name":"(anonymous_0)","decl":{"start":{"line":4,"column":2},"end":{"line":4,"column":3}},"loc":{"start":{"line":4,"column":54},"end":{"line":9,"column":3}},"line":4},"1":{"name":"(anonymous_1)","decl":{"start":{"line":11,"column":16},"end":{"line":11,"column":17}},"loc":{"start":{"line":11,"column":23},"end":{"line":14,"column":3}},"line":11}},"branchMap":{},"s":{"0":32,"1":32,"2":32,"3":32,"4":32,"5":2,"6":2},"f":{"0":32,"1":2},"b":{},"_coverageSchema":"1a1c01bbd47fc00a2c39e90264f33305004495a9","hash":"5e945e8d58807e80840e6c70a5b045d8ff9b014f"}
,"/Users/rudy/OpenClassroom/projets/Billed/Billed-app-FR-Front-main/src/containers/NewBill.js": {"path":"/Users/rudy/OpenClassroom/projets/Billed/Billed-app-FR-Front-main/src/containers/NewBill.js","statementMap":{"0":{"start":{"line":6,"column":4},"end":{"line":6,"column":28}},"1":{"start":{"line":7,"column":4},"end":{"line":7,"column":32}},"2":{"start":{"line":8,"column":4},"end":{"line":8,"column":22}},"3":{"start":{"line":9,"column":24},"end":{"line":9,"column":88}},"4":{"start":{"line":10,"column":4},"end":{"line":10,"column":61}},"5":{"start":{"line":11,"column":17},"end":{"line":11,"column":73}},"6":{"start":{"line":12,"column":4},"end":{"line":12,"column":58}},"7":{"start":{"line":13,"column":4},"end":{"line":13,"column":23}},"8":{"start":{"line":14,"column":4},"end":{"line":14,"column":24}},"9":{"start":{"line":15,"column":4},"end":{"line":15,"column":22}},"10":{"start":{"line":16,"column":4},"end":{"line":16,"column":54}},"11":{"start":{"line":19,"column":20},"end":{"line":25,"column":3}},"12":{"start":{"line":20,"column":20},"end":{"line":20,"column":29}},"13":{"start":{"line":21,"column":4},"end":{"line":24,"column":19}},"14":{"start":{"line":22,"column":6},"end":{"line":22,"column":18}},"15":{"start":{"line":24,"column":6},"end":{"line":24,"column":19}},"16":{"start":{"line":27,"column":21},"end":{"line":55,"column":3}},"17":{"start":{"line":28,"column":4},"end":{"line":28,"column":23}},"18":{"start":{"line":29,"column":17},"end":{"line":29,"column":82}},"19":{"start":{"line":31,"column":4},"end":{"line":54,"column":5}},"20":{"start":{"line":33,"column":23},"end":{"line":33,"column":50}},"21":{"start":{"line":34,"column":23},"end":{"line":34,"column":52}},"22":{"start":{"line":35,"column":23},"end":{"line":35,"column":37}},"23":{"start":{"line":36,"column":20},"end":{"line":36,"column":66}},"24":{"start":{"line":37,"column":6},"end":{"line":37,"column":35}},"25":{"start":{"line":38,"column":6},"end":{"line":38,"column":37}},"26":{"start":{"line":41,"column":6},"end":{"line":53,"column":47}},"27":{"start":{"line":50,"column":10},"end":{"line":50,"column":27}},"28":{"start":{"line":51,"column":10},"end":{"line":51,"column":32}},"29":{"start":{"line":52,"column":10},"end":{"line":52,"column":34}},"30":{"start":{"line":53,"column":26},"end":{"line":53,"column":46}},"31":{"start":{"line":56,"column":17},"end":{"line":75,"column":3}},"32":{"start":{"line":57,"column":4},"end":{"line":57,"column":22}},"33":{"start":{"line":59,"column":18},"end":{"line":59,"column":64}},"34":{"start":{"line":60,"column":17},"end":{"line":72,"column":5}},"35":{"start":{"line":73,"column":4},"end":{"line":73,"column":25}},"36":{"start":{"line":74,"column":4},"end":{"line":74,"column":41}},"37":{"start":{"line":78,"column":15},"end":{"line":88,"column":3}},"38":{"start":{"line":79,"column":4},"end":{"line":87,"column":5}},"39":{"start":{"line":80,"column":6},"end":{"line":86,"column":45}},"40":{"start":{"line":84,"column":10},"end":{"line":84,"column":47}},"41":{"start":{"line":86,"column":24},"end":{"line":86,"column":44}}},"fnMap":{"0":{"name":"(anonymous_0)","decl":{"start":{"line":5,"column":2},"end":{"line":5,"column":3}},"loc":{"start":{"line":5,"column":61},"end":{"line":17,"column":3}},"line":5},"1":{"name":"(anonymous_1)","decl":{"start":{"line":19,"column":20},"end":{"line":19,"column":21}},"loc":{"start":{"line":19,"column":28},"end":{"line":25,"column":3}},"line":19},"2":{"name":"(anonymous_2)","decl":{"start":{"line":27,"column":21},"end":{"line":27,"column":22}},"loc":{"start":{"line":27,"column":26},"end":{"line":55,"column":3}},"line":27},"3":{"name":"(anonymous_3)","decl":{"start":{"line":49,"column":14},"end":{"line":49,"column":15}},"loc":{"start":{"line":49,"column":36},"end":{"line":53,"column":9}},"line":49},"4":{"name":"(anonymous_4)","decl":{"start":{"line":53,"column":17},"end":{"line":53,"column":18}},"loc":{"start":{"line":53,"column":26},"end":{"line":53,"column":46}},"line":53},"5":{"name":"(anonymous_5)","decl":{"start":{"line":56,"column":17},"end":{"line":56,"column":18}},"loc":{"start":{"line":56,"column":22},"end":{"line":75,"column":3}},"line":56},"6":{"name":"(anonymous_6)","decl":{"start":{"line":78,"column":15},"end":{"line":78,"column":16}},"loc":{"start":{"line":78,"column":25},"end":{"line":88,"column":3}},"line":78},"7":{"name":"(anonymous_7)","decl":{"start":{"line":83,"column":14},"end":{"line":83,"column":15}},"loc":{"start":{"line":83,"column":20},"end":{"line":85,"column":9}},"line":83},"8":{"name":"(anonymous_8)","decl":{"start":{"line":86,"column":15},"end":{"line":86,"column":16}},"loc":{"start":{"line":86,"column":24},"end":{"line":86,"column":44}},"line":86}},"branchMap":{"0":{"loc":{"start":{"line":21,"column":4},"end":{"line":24,"column":19}},"type":"if","locations":[{"start":{"line":21,"column":4},"end":{"line":24,"column":19}},{"start":{"line":21,"column":4},"end":{"line":24,"column":19}}],"line":21},"1":{"loc":{"start":{"line":21,"column":8},"end":{"line":21,"column":92}},"type":"binary-expr","locations":[{"start":{"line":21,"column":8},"end":{"line":21,"column":33}},{"start":{"line":21,"column":37},"end":{"line":21,"column":63}},{"start":{"line":21,"column":67},"end":{"line":21,"column":92}}],"line":21},"2":{"loc":{"start":{"line":31,"column":4},"end":{"line":54,"column":5}},"type":"if","locations":[{"start":{"line":31,"column":4},"end":{"line":54,"column":5}},{"start":{"line":31,"column":4},"end":{"line":54,"column":5}}],"line":31},"3":{"loc":{"start":{"line":67,"column":11},"end":{"line":67,"column":83}},"type":"binary-expr","locations":[{"start":{"line":67,"column":11},"end":{"line":67,"column":77}},{"start":{"line":67,"column":81},"end":{"line":67,"column":83}}],"line":67},"4":{"loc":{"start":{"line":79,"column":4},"end":{"line":87,"column":5}},"type":"if","locations":[{"start":{"line":79,"column":4},"end":{"line":87,"column":5}},{"start":{"line":79,"column":4},"end":{"line":87,"column":5}}],"line":79}},"s":{"0":6,"1":6,"2":6,"3":6,"4":6,"5":6,"6":6,"7":6,"8":6,"9":6,"10":6,"11":6,"12":4,"13":4,"14":2,"15":2,"16":6,"17":4,"18":4,"19":4,"20":2,"21":2,"22":2,"23":2,"24":2,"25":2,"26":2,"27":2,"28":2,"29":2,"30":0,"31":6,"32":2,"33":2,"34":2,"35":2,"36":2,"37":6,"38":2,"39":2,"40":2,"41":0},"f":{"0":6,"1":4,"2":4,"3":2,"4":0,"5":2,"6":2,"7":2,"8":0},"b":{"0":[2,2],"1":[4,2,2],"2":[2,2],"3":[2,0],"4":[2,0]},"_coverageSchema":"1a1c01bbd47fc00a2c39e90264f33305004495a9","hash":"1751cf1c8962b1f66bd6328f3fd2429016f190e5"}
,"/Users/rudy/OpenClassroom/projets/Billed/Billed-app-FR-Front-main/src/views/Actions.js": {"path":"/Users/rudy/OpenClassroom/projets/Billed/Billed-app-FR-Front-main/src/views/Actions.js","statementMap":{"0":{"start":{"line":5,"column":2},"end":{"line":11,"column":3}}},"fnMap":{"0":{"name":"(anonymous_0)","decl":{"start":{"line":4,"column":15},"end":{"line":4,"column":16}},"loc":{"start":{"line":4,"column":28},"end":{"line":12,"column":1}},"line":4}},"branchMap":{},"s":{"0":26},"f":{"0":26},"b":{},"_coverageSchema":"1a1c01bbd47fc00a2c39e90264f33305004495a9","hash":"4c3adfe17978b637d3540ab4846683a88a60c9b6"}
,"/Users/rudy/OpenClassroom/projets/Billed/Billed-app-FR-Front-main/src/views/BillsUI.js": {"path":"/Users/rudy/OpenClassroom/projets/Billed/Billed-app-FR-Front-main/src/views/BillsUI.js","statementMap":{"0":{"start":{"line":7,"column":12},"end":{"line":23,"column":1}},"1":{"start":{"line":11,"column":2},"end":{"line":22,"column":6}},"2":{"start":{"line":25,"column":13},"end":{"line":32,"column":1}},"3":{"start":{"line":30,"column":21},"end":{"line":30,"column":91}},"4":{"start":{"line":30,"column":48},"end":{"line":30,"column":83}},"5":{"start":{"line":31,"column":2},"end":{"line":31,"column":92}},"6":{"start":{"line":31,"column":68},"end":{"line":31,"column":77}},"7":{"start":{"line":36,"column":16},"end":{"line":51,"column":4}},"8":{"start":{"line":36,"column":23},"end":{"line":51,"column":3}},"9":{"start":{"line":53,"column":2},"end":{"line":57,"column":3}},"10":{"start":{"line":54,"column":4},"end":{"line":54,"column":24}},"11":{"start":{"line":55,"column":9},"end":{"line":57,"column":3}},"12":{"start":{"line":56,"column":4},"end":{"line":56,"column":27}},"13":{"start":{"line":59,"column":2},"end":{"line":87,"column":3}}},"fnMap":{"0":{"name":"(anonymous_0)","decl":{"start":{"line":7,"column":12},"end":{"line":7,"column":13}},"loc":{"start":{"line":7,"column":22},"end":{"line":23,"column":1}},"line":7},"1":{"name":"(anonymous_1)","decl":{"start":{"line":25,"column":13},"end":{"line":25,"column":14}},"loc":{"start":{"line":25,"column":23},"end":{"line":32,"column":1}},"line":25},"2":{"name":"(anonymous_2)","decl":{"start":{"line":30,"column":38},"end":{"line":30,"column":39}},"loc":{"start":{"line":30,"column":48},"end":{"line":30,"column":83}},"line":30},"3":{"name":"(anonymous_3)","decl":{"start":{"line":31,"column":60},"end":{"line":31,"column":61}},"loc":{"start":{"line":31,"column":68},"end":{"line":31,"column":77}},"line":31},"4":{"name":"(anonymous_4)","decl":{"start":{"line":34,"column":15},"end":{"line":34,"column":16}},"loc":{"start":{"line":34,"column":52},"end":{"line":88,"column":1}},"line":34},"5":{"name":"(anonymous_5)","decl":{"start":{"line":36,"column":16},"end":{"line":36,"column":17}},"loc":{"start":{"line":36,"column":23},"end":{"line":51,"column":3}},"line":36}},"branchMap":{"0":{"loc":{"start":{"line":19,"column":10},"end":{"line":19,"column":135}},"type":"cond-expr","locations":[{"start":{"line":19,"column":109},"end":{"line":19,"column":130}},{"start":{"line":19,"column":133},"end":{"line":19,"column":135}}],"line":19},"1":{"loc":{"start":{"line":19,"column":10},"end":{"line":19,"column":106}},"type":"binary-expr","locations":[{"start":{"line":19,"column":10},"end":{"line":19,"column":39}},{"start":{"line":19,"column":43},"end":{"line":19,"column":73}},{"start":{"line":19,"column":77},"end":{"line":19,"column":106}}],"line":19},"2":{"loc":{"start":{"line":30,"column":21},"end":{"line":30,"column":91}},"type":"cond-expr","locations":[{"start":{"line":30,"column":28},"end":{"line":30,"column":84}},{"start":{"line":30,"column":87},"end":{"line":30,"column":91}}],"line":30},"3":{"loc":{"start":{"line":31,"column":9},"end":{"line":31,"column":92}},"type":"cond-expr","locations":[{"start":{"line":31,"column":45},"end":{"line":31,"column":87}},{"start":{"line":31,"column":90},"end":{"line":31,"column":92}}],"line":31},"4":{"loc":{"start":{"line":31,"column":10},"end":{"line":31,"column":41}},"type":"binary-expr","locations":[{"start":{"line":31,"column":10},"end":{"line":31,"column":20}},{"start":{"line":31,"column":24},"end":{"line":31,"column":41}}],"line":31},"5":{"loc":{"start":{"line":53,"column":2},"end":{"line":57,"column":3}},"type":"if","locations":[{"start":{"line":53,"column":2},"end":{"line":57,"column":3}},{"start":{"line":53,"column":2},"end":{"line":57,"column":3}}],"line":53},"6":{"loc":{"start":{"line":55,"column":9},"end":{"line":57,"column":3}},"type":"if","locations":[{"start":{"line":55,"column":9},"end":{"line":57,"column":3}},{"start":{"line":55,"column":9},"end":{"line":57,"column":3}}],"line":55}},"s":{"0":6,"1":24,"2":6,"3":13,"4":33,"5":13,"6":24,"7":21,"8":13,"9":21,"10":6,"11":15,"12":2,"13":13},"f":{"0":24,"1":13,"2":33,"3":24,"4":21,"5":13},"b":{"0":[24,0],"1":[24,12,6],"2":[7,6],"3":[6,7],"4":[13,7],"5":[6,15],"6":[2,13]},"_coverageSchema":"1a1c01bbd47fc00a2c39e90264f33305004495a9","hash":"7de679ef0b4e912656d79a5a232003e51b22837f"}
,"/Users/rudy/OpenClassroom/projets/Billed/Billed-app-FR-Front-main/src/views/DashboardFormUI.js": {"path":"/Users/rudy/OpenClassroom/projets/Billed/Billed-app-FR-Front-main/src/views/DashboardFormUI.js","statementMap":{"0":{"start":{"line":7,"column":21},"end":{"line":22,"column":4}},"1":{"start":{"line":7,"column":28},"end":{"line":22,"column":3}},"2":{"start":{"line":26,"column":2},"end":{"line":114,"column":4}}},"fnMap":{"0":{"name":"(anonymous_0)","decl":{"start":{"line":7,"column":21},"end":{"line":7,"column":22}},"loc":{"start":{"line":7,"column":28},"end":{"line":22,"column":3}},"line":7},"1":{"name":"(anonymous_1)","decl":{"start":{"line":24,"column":15},"end":{"line":24,"column":16}},"loc":{"start":{"line":24,"column":25},"end":{"line":115,"column":1}},"line":24}},"branchMap":{"0":{"loc":{"start":{"line":68,"column":8},"end":{"line":88,"column":13}},"type":"cond-expr","locations":[{"start":{"line":69,"column":6},"end":{"line":79,"column":13}},{"start":{"line":81,"column":6},"end":{"line":88,"column":13}}],"line":68},"1":{"loc":{"start":{"line":68,"column":8},"end":{"line":68,"column":104}},"type":"binary-expr","locations":[{"start":{"line":68,"column":8},"end":{"line":68,"column":37}},{"start":{"line":68,"column":41},"end":{"line":68,"column":71}},{"start":{"line":68,"column":75},"end":{"line":68,"column":104}}],"line":68},"2":{"loc":{"start":{"line":92,"column":9},"end":{"line":102,"column":9}},"type":"cond-expr","locations":[{"start":{"line":92,"column":38},"end":{"line":97,"column":8}},{"start":{"line":97,"column":13},"end":{"line":102,"column":8}}],"line":92},"3":{"loc":{"start":{"line":105,"column":8},"end":{"line":110,"column":13}},"type":"cond-expr","locations":[{"start":{"line":105,"column":37},"end":{"line":110,"column":7}},{"start":{"line":110,"column":11},"end":{"line":110,"column":13}}],"line":105}},"s":{"0":7,"1":9,"2":9},"f":{"0":9,"1":9},"b":{"0":[9,0],"1":[9,0,0],"2":[6,3],"3":[6,3]},"_coverageSchema":"1a1c01bbd47fc00a2c39e90264f33305004495a9","hash":"88188f90ba9da4c1977fb612a319372928d62e91"}
,"/Users/rudy/OpenClassroom/projets/Billed/Billed-app-FR-Front-main/src/views/DashboardUI.js": {"path":"/Users/rudy/OpenClassroom/projets/Billed/Billed-app-FR-Front-main/src/views/DashboardUI.js","statementMap":{"0":{"start":{"line":10,"column":2},"end":{"line":14,"column":3}},"1":{"start":{"line":11,"column":4},"end":{"line":11,"column":24}},"2":{"start":{"line":12,"column":9},"end":{"line":14,"column":3}},"3":{"start":{"line":13,"column":4},"end":{"line":13,"column":27}},"4":{"start":{"line":16,"column":2},"end":{"line":48,"column":3}}},"fnMap":{"0":{"name":"(anonymous_0)","decl":{"start":{"line":8,"column":15},"end":{"line":8,"column":16}},"loc":{"start":{"line":8,"column":45},"end":{"line":49,"column":1}},"line":8}},"branchMap":{"0":{"loc":{"start":{"line":10,"column":2},"end":{"line":14,"column":3}},"type":"if","locations":[{"start":{"line":10,"column":2},"end":{"line":14,"column":3}},{"start":{"line":10,"column":2},"end":{"line":14,"column":3}}],"line":10},"1":{"loc":{"start":{"line":12,"column":9},"end":{"line":14,"column":3}},"type":"if","locations":[{"start":{"line":12,"column":9},"end":{"line":14,"column":3}},{"start":{"line":12,"column":9},"end":{"line":14,"column":3}}],"line":12},"2":{"loc":{"start":{"line":22,"column":45},"end":{"line":22,"column":63}},"type":"binary-expr","locations":[{"start":{"line":22,"column":45},"end":{"line":22,"column":49}},{"start":{"line":22,"column":53},"end":{"line":22,"column":63}}],"line":22},"3":{"loc":{"start":{"line":29,"column":43},"end":{"line":29,"column":61}},"type":"binary-expr","locations":[{"start":{"line":29,"column":43},"end":{"line":29,"column":47}},{"start":{"line":29,"column":51},"end":{"line":29,"column":61}}],"line":29},"4":{"loc":{"start":{"line":36,"column":43},"end":{"line":36,"column":61}},"type":"binary-expr","locations":[{"start":{"line":36,"column":43},"end":{"line":36,"column":47}},{"start":{"line":36,"column":51},"end":{"line":36,"column":61}}],"line":36}},"s":{"0":21,"1":6,"2":15,"3":3,"4":12},"f":{"0":21},"b":{"0":[6,15],"1":[3,12],"2":[12,7],"3":[12,7],"4":[12,7]},"_coverageSchema":"1a1c01bbd47fc00a2c39e90264f33305004495a9","hash":"92007f5a2e61138e87731c65ccfaca4a3b874f82"}
,"/Users/rudy/OpenClassroom/projets/Billed/Billed-app-FR-Front-main/src/views/ErrorPage.js": {"path":"/Users/rudy/OpenClassroom/projets/Billed/Billed-app-FR-Front-main/src/views/ErrorPage.js","statementMap":{"0":{"start":{"line":4,"column":2},"end":{"line":15,"column":3}}},"fnMap":{"0":{"name":"(anonymous_0)","decl":{"start":{"line":3,"column":15},"end":{"line":3,"column":16}},"loc":{"start":{"line":3,"column":26},"end":{"line":16,"column":1}},"line":3}},"branchMap":{"0":{"loc":{"start":{"line":12,"column":12},"end":{"line":12,"column":30}},"type":"cond-expr","locations":[{"start":{"line":12,"column":20},"end":{"line":12,"column":25}},{"start":{"line":12,"column":28},"end":{"line":12,"column":30}}],"line":12}},"s":{"0":7},"f":{"0":7},"b":{"0":[6,1]},"_coverageSchema":"1a1c01bbd47fc00a2c39e90264f33305004495a9","hash":"b3e98d86c8bc3a463ee0b1208a88b4533596eab7"}
,"/Users/rudy/OpenClassroom/projets/Billed/Billed-app-FR-Front-main/src/views/LoadingPage.js": {"path":"/Users/rudy/OpenClassroom/projets/Billed/Billed-app-FR-Front-main/src/views/LoadingPage.js","statementMap":{"0":{"start":{"line":5,"column":2},"end":{"line":12,"column":3}}},"fnMap":{"0":{"name":"(anonymous_0)","decl":{"start":{"line":3,"column":15},"end":{"line":3,"column":16}},"loc":{"start":{"line":3,"column":21},"end":{"line":13,"column":1}},"line":3}},"branchMap":{},"s":{"0":13},"f":{"0":13},"b":{},"_coverageSchema":"1a1c01bbd47fc00a2c39e90264f33305004495a9","hash":"49709893aa32339d450703c1b5a95cdbabac63a0"}
,"/Users/rudy/OpenClassroom/projets/Billed/Billed-app-FR-Front-main/src/views/LoginUI.js": {"path":"/Users/rudy/OpenClassroom/projets/Billed/Billed-app-FR-Front-main/src/views/LoginUI.js","statementMap":{"0":{"start":{"line":4,"column":2},"end":{"line":46,"column":4}}},"fnMap":{"0":{"name":"(anonymous_0)","decl":{"start":{"line":2,"column":15},"end":{"line":2,"column":16}},"loc":{"start":{"line":2,"column":21},"end":{"line":47,"column":1}},"line":2}},"branchMap":{},"s":{"0":16},"f":{"0":16},"b":{},"_coverageSchema":"1a1c01bbd47fc00a2c39e90264f33305004495a9","hash":"0e09ad09ea127590a56d8d6e7e3beb51c72ee467"}
,"/Users/rudy/OpenClassroom/projets/Billed/Billed-app-FR-Front-main/src/views/NewBillUI.js": {"path":"/Users/rudy/OpenClassroom/projets/Billed/Billed-app-FR-Front-main/src/views/NewBillUI.js","statementMap":{"0":{"start":{"line":5,"column":2},"end":{"line":73,"column":4}}},"fnMap":{"0":{"name":"(anonymous_0)","decl":{"start":{"line":3,"column":15},"end":{"line":3,"column":16}},"loc":{"start":{"line":3,"column":21},"end":{"line":74,"column":1}},"line":3}},"branchMap":{},"s":{"0":7},"f":{"0":7},"b":{},"_coverageSchema":"1a1c01bbd47fc00a2c39e90264f33305004495a9","hash":"117c44e0d893d194015be57b752198e9fbd4df6b"}
,"/Users/rudy/OpenClassroom/projets/Billed/Billed-app-FR-Front-main/src/views/VerticalLayout.js": {"path":"/Users/rudy/OpenClassroom/projets/Billed/Billed-app-FR-Front-main/src/views/VerticalLayout.js","statementMap":{"0":{"start":{"line":7,"column":4},"end":{"line":7,"column":51}},"1":{"start":{"line":8,"column":4},"end":{"line":10,"column":5}},"2":{"start":{"line":9,"column":6},"end":{"line":9,"column":29}},"3":{"start":{"line":11,"column":4},"end":{"line":39,"column":5}},"4":{"start":{"line":12,"column":6},"end":{"line":27,"column":7}},"5":{"start":{"line":29,"column":6},"end":{"line":38,"column":7}}},"fnMap":{"0":{"name":"(anonymous_0)","decl":{"start":{"line":5,"column":15},"end":{"line":5,"column":16}},"loc":{"start":{"line":5,"column":27},"end":{"line":40,"column":1}},"line":5}},"branchMap":{"0":{"loc":{"start":{"line":8,"column":4},"end":{"line":10,"column":5}},"type":"if","locations":[{"start":{"line":8,"column":4},"end":{"line":10,"column":5}},{"start":{"line":8,"column":4},"end":{"line":10,"column":5}}],"line":8},"1":{"loc":{"start":{"line":11,"column":4},"end":{"line":39,"column":5}},"type":"if","locations":[{"start":{"line":11,"column":4},"end":{"line":39,"column":5}},{"start":{"line":11,"column":4},"end":{"line":39,"column":5}}],"line":11},"2":{"loc":{"start":{"line":11,"column":8},"end":{"line":11,"column":40}},"type":"binary-expr","locations":[{"start":{"line":11,"column":8},"end":{"line":11,"column":12}},{"start":{"line":11,"column":16},"end":{"line":11,"column":40}}],"line":11}},"s":{"0":53,"1":53,"2":41,"3":53,"4":25,"5":28},"f":{"0":53},"b":{"0":[41,12],"1":[25,28],"2":[53,41]},"_coverageSchema":"1a1c01bbd47fc00a2c39e90264f33305004495a9","hash":"12cb4ef5a5e00a16e0e31face951c028511bcf8d"}
}
