TN:
SF:src/constants/routes.js
FN:13,(anonymous_0)
FNF:1
FNH:1
FNDA:41,(anonymous_0)
DA:6,6
DA:13,6
DA:15,41
DA:17,9
DA:19,15
DA:21,4
DA:23,12
DA:25,1
LF:8
LH:8
BRDA:15,0,0,9
BRDA:15,0,1,15
BRDA:15,0,2,4
BRDA:15,0,3,12
BRDA:15,0,4,1
BRF:5
BRH:5
end_of_record
TN:
SF:src/constants/usersTest.js
FNF:0
FNH:0
LF:0
LH:0
BRF:0
BRH:0
end_of_record
TN:
SF:src/containers/Bills.js
FN:6,(anonymous_0)
FN:13,(anonymous_1)
FN:14,(anonymous_2)
FN:19,(anonymous_3)
FN:23,(anonymous_4)
FN:30,(anonymous_5)
FN:35,(anonymous_6)
FN:37,(anonymous_7)
FNF:8
FNH:8
FNDA:11,(anonymous_0)
FNDA:52,(anonymous_1)
FNDA:4,(anonymous_2)
FNDA:2,(anonymous_3)
FNDA:4,(anonymous_4)
FNDA:6,(anonymous_5)
FNDA:4,(anonymous_6)
FNDA:16,(anonymous_7)
DA:7,11
DA:8,11
DA:9,11
DA:10,11
DA:11,11
DA:12,11
DA:13,11
DA:14,52
DA:16,11
DA:19,11
DA:20,2
DA:23,11
DA:24,4
DA:25,4
DA:26,4
DA:27,4
DA:30,11
DA:31,6
DA:32,6
DA:36,4
DA:38,16
DA:39,16
DA:47,0
DA:48,0
DA:55,4
LF:25
LH:23
BRDA:11,0,0,10
BRDA:11,0,1,1
BRDA:13,1,0,11
BRDA:13,1,1,0
BRDA:31,2,0,6
BRDA:31,2,1,0
BRF:6
BRH:4
end_of_record
TN:
SF:src/containers/Dashboard.js
FN:8,(anonymous_0)
FN:10,(anonymous_1)
FN:30,(anonymous_2)
FN:55,(anonymous_3)
FN:56,(anonymous_4)
FN:59,(anonymous_5)
FN:71,(anonymous_6)
FN:75,(anonymous_7)
FN:76,(anonymous_8)
FN:77,(anonymous_9)
FN:81,(anonymous_10)
FN:88,(anonymous_11)
FN:93,(anonymous_12)
FN:110,(anonymous_13)
FN:111,(anonymous_14)
FN:114,(anonymous_15)
FN:124,(anonymous_16)
FN:134,(anonymous_17)
FN:152,(anonymous_18)
FN:155,(anonymous_19)
FN:162,(anonymous_20)
FN:167,(anonymous_21)
FN:169,(anonymous_22)
FN:177,(anonymous_23)
FNF:24
FNH:19
FNDA:44,(anonymous_0)
FNDA:104,(anonymous_1)
FNDA:6,(anonymous_2)
FNDA:6,(anonymous_3)
FNDA:6,(anonymous_4)
FNDA:5,(anonymous_5)
FNDA:14,(anonymous_6)
FNDA:0,(anonymous_7)
FNDA:0,(anonymous_8)
FNDA:0,(anonymous_9)
FNDA:1,(anonymous_10)
FNDA:3,(anonymous_11)
FNDA:8,(anonymous_12)
FNDA:0,(anonymous_13)
FNDA:0,(anonymous_14)
FNDA:1,(anonymous_15)
FNDA:1,(anonymous_16)
FNDA:5,(anonymous_17)
FNDA:20,(anonymous_18)
FNDA:3,(anonymous_19)
FNDA:5,(anonymous_20)
FNDA:3,(anonymous_21)
FNDA:12,(anonymous_22)
FNDA:2,(anonymous_23)
DA:8,6
DA:9,44
DA:14,104
DA:15,104
DA:20,0
DA:21,0
DA:26,104
DA:30,6
DA:31,6
DA:32,6
DA:34,6
DA:37,6
DA:55,6
DA:56,6
DA:59,6
DA:60,5
DA:62,3
DA:64,1
DA:66,1
DA:72,14
DA:73,14
DA:74,14
DA:75,14
DA:76,14
DA:77,14
DA:78,14
DA:81,14
DA:82,1
DA:83,1
DA:84,1
DA:85,1
DA:90,3
DA:91,3
DA:92,3
DA:93,2
DA:94,8
DA:96,2
DA:97,2
DA:98,2
DA:99,2
DA:101,1
DA:103,1
DA:106,1
DA:107,1
DA:109,3
DA:110,3
DA:111,3
DA:114,14
DA:115,1
DA:120,1
DA:121,1
DA:124,14
DA:125,1
DA:130,1
DA:131,1
DA:136,5
DA:137,5
DA:139,5
DA:140,5
DA:141,5
DA:143,5
DA:145,0
DA:146,0
DA:148,0
DA:152,5
DA:153,20
DA:155,3
DA:158,5
DA:162,14
DA:163,5
DA:164,5
DA:168,3
DA:169,12
DA:175,3
DA:178,2
LF:75
LH:70
BRDA:9,0,0,26
BRDA:9,0,1,18
BRDA:9,1,0,44
BRDA:9,1,1,26
BRDA:14,2,0,104
BRDA:14,2,1,0
BRDA:22,3,0,0
BRDA:22,3,1,0
BRDA:32,4,0,0
BRDA:32,4,1,6
BRDA:34,5,0,0
BRDA:34,5,1,6
BRDA:56,6,0,5
BRDA:56,6,1,1
BRDA:56,7,0,6
BRDA:56,7,1,6
BRDA:60,8,0,3
BRDA:60,8,1,1
BRDA:60,8,2,1
BRDA:85,9,0,0
BRDA:85,9,1,1
BRDA:90,10,0,2
BRDA:90,10,1,1
BRDA:90,11,0,3
BRDA:90,11,1,3
BRDA:91,12,0,2
BRDA:91,12,1,1
BRDA:91,13,0,3
BRDA:91,13,1,1
BRDA:92,14,0,2
BRDA:92,14,1,1
BRDA:136,15,0,5
BRDA:136,15,1,0
BRDA:136,16,0,5
BRDA:136,16,1,2
BRDA:137,17,0,5
BRDA:137,17,1,0
BRDA:137,18,0,5
BRDA:137,18,1,2
BRDA:139,19,0,5
BRDA:139,19,1,0
BRDA:163,20,0,5
BRDA:163,20,1,0
BRF:43
BRH:33
end_of_record
TN:
SF:src/containers/Login.js
FN:7,(anonymous_0)
FN:18,(anonymous_1)
FN:29,(anonymous_2)
FN:31,(anonymous_3)
FN:40,(anonymous_4)
FN:57,(anonymous_5)
FN:59,(anonymous_6)
FN:68,(anonymous_7)
FN:74,(anonymous_8)
FN:83,(anonymous_9)
FN:95,(anonymous_10)
FNF:11
FNH:5
FNDA:4,(anonymous_0)
FNDA:2,(anonymous_1)
FNDA:0,(anonymous_2)
FNDA:2,(anonymous_3)
FNDA:2,(anonymous_4)
FNDA:0,(anonymous_5)
FNDA:2,(anonymous_6)
FNDA:0,(anonymous_7)
FNDA:0,(anonymous_8)
FNDA:0,(anonymous_9)
FNDA:0,(anonymous_10)
DA:3,3
DA:8,4
DA:9,4
DA:10,4
DA:11,4
DA:12,4
DA:13,4
DA:14,4
DA:15,4
DA:16,4
DA:18,4
DA:19,2
DA:20,2
DA:26,2
DA:27,2
DA:29,0
DA:32,2
DA:33,2
DA:34,2
DA:35,2
DA:40,4
DA:41,2
DA:48,2
DA:54,2
DA:55,2
DA:57,0
DA:60,2
DA:61,2
DA:62,2
DA:63,2
DA:68,4
DA:69,0
DA:70,0
DA:75,0
DA:78,0
DA:83,4
DA:84,0
DA:85,0
DA:96,0
DA:97,0
DA:100,0
LF:41
LH:30
BRDA:69,0,0,0
BRDA:69,0,1,0
BRDA:84,1,0,0
BRDA:84,1,1,0
BRF:4
BRH:0
end_of_record
TN:
SF:src/containers/Logout.js
FN:4,(anonymous_0)
FN:11,(anonymous_1)
FNF:2
FNH:2
FNDA:32,(anonymous_0)
FNDA:2,(anonymous_1)
DA:5,32
DA:6,32
DA:7,32
DA:8,32
DA:11,32
DA:12,2
DA:13,2
LF:7
LH:7
BRF:0
BRH:0
end_of_record
TN:
SF:src/containers/NewBill.js
FN:5,(anonymous_0)
FN:19,(anonymous_1)
FN:27,(anonymous_2)
FN:49,(anonymous_3)
FN:53,(anonymous_4)
FN:56,(anonymous_5)
FN:78,(anonymous_6)
FN:83,(anonymous_7)
FN:86,(anonymous_8)
FNF:9
FNH:7
FNDA:6,(anonymous_0)
FNDA:4,(anonymous_1)
FNDA:4,(anonymous_2)
FNDA:2,(anonymous_3)
FNDA:0,(anonymous_4)
FNDA:2,(anonymous_5)
FNDA:2,(anonymous_6)
FNDA:2,(anonymous_7)
FNDA:0,(anonymous_8)
DA:6,6
DA:7,6
DA:8,6
DA:9,6
DA:10,6
DA:11,6
DA:12,6
DA:13,6
DA:14,6
DA:15,6
DA:16,6
DA:19,6
DA:20,4
DA:21,4
DA:22,2
DA:24,2
DA:27,6
DA:28,4
DA:29,4
DA:31,4
DA:33,2
DA:34,2
DA:35,2
DA:36,2
DA:37,2
DA:38,2
DA:41,2
DA:50,2
DA:51,2
DA:52,2
DA:53,0
DA:56,6
DA:57,2
DA:59,2
DA:60,2
DA:73,2
DA:74,2
DA:78,6
DA:79,2
DA:80,2
DA:84,2
DA:86,0
LF:42
LH:40
BRDA:21,0,0,2
BRDA:21,0,1,2
BRDA:21,1,0,4
BRDA:21,1,1,2
BRDA:21,1,2,2
BRDA:31,2,0,2
BRDA:31,2,1,2
BRDA:67,3,0,2
BRDA:67,3,1,0
BRDA:79,4,0,2
BRDA:79,4,1,0
BRF:11
BRH:9
end_of_record
TN:
SF:src/views/Actions.js
FN:4,(anonymous_0)
FNF:1
FNH:1
FNDA:26,(anonymous_0)
DA:5,26
LF:1
LH:1
BRF:0
BRH:0
end_of_record
TN:
SF:src/views/BillsUI.js
FN:7,(anonymous_0)
FN:25,(anonymous_1)
FN:30,(anonymous_2)
FN:31,(anonymous_3)
FN:34,(anonymous_4)
FN:36,(anonymous_5)
FNF:6
FNH:6
FNDA:24,(anonymous_0)
FNDA:13,(anonymous_1)
FNDA:33,(anonymous_2)
FNDA:24,(anonymous_3)
FNDA:21,(anonymous_4)
FNDA:13,(anonymous_5)
DA:7,6
DA:11,24
DA:25,6
DA:30,33
DA:31,24
DA:36,21
DA:53,21
DA:54,6
DA:55,15
DA:56,2
DA:59,13
LF:11
LH:11
BRDA:19,0,0,24
BRDA:19,0,1,0
BRDA:19,1,0,24
BRDA:19,1,1,12
BRDA:19,1,2,6
BRDA:30,2,0,7
BRDA:30,2,1,6
BRDA:31,3,0,6
BRDA:31,3,1,7
BRDA:31,4,0,13
BRDA:31,4,1,7
BRDA:53,5,0,6
BRDA:53,5,1,15
BRDA:55,6,0,2
BRDA:55,6,1,13
BRF:15
BRH:14
end_of_record
TN:
SF:src/views/DashboardFormUI.js
FN:7,(anonymous_0)
FN:24,(anonymous_1)
FNF:2
FNH:2
FNDA:9,(anonymous_0)
FNDA:9,(anonymous_1)
DA:7,9
DA:26,9
LF:2
LH:2
BRDA:68,0,0,9
BRDA:68,0,1,0
BRDA:68,1,0,9
BRDA:68,1,1,0
BRDA:68,1,2,0
BRDA:92,2,0,6
BRDA:92,2,1,3
BRDA:105,3,0,6
BRDA:105,3,1,3
BRF:9
BRH:6
end_of_record
TN:
SF:src/views/DashboardUI.js
FN:8,(anonymous_0)
FNF:1
FNH:1
FNDA:21,(anonymous_0)
DA:10,21
DA:11,6
DA:12,15
DA:13,3
DA:16,12
LF:5
LH:5
BRDA:10,0,0,6
BRDA:10,0,1,15
BRDA:12,1,0,3
BRDA:12,1,1,12
BRDA:22,2,0,12
BRDA:22,2,1,7
BRDA:29,3,0,12
BRDA:29,3,1,7
BRDA:36,4,0,12
BRDA:36,4,1,7
BRF:10
BRH:10
end_of_record
TN:
SF:src/views/ErrorPage.js
FN:3,(anonymous_0)
FNF:1
FNH:1
FNDA:7,(anonymous_0)
DA:4,7
LF:1
LH:1
BRDA:12,0,0,6
BRDA:12,0,1,1
BRF:2
BRH:2
end_of_record
TN:
SF:src/views/LoadingPage.js
FN:3,(anonymous_0)
FNF:1
FNH:1
FNDA:13,(anonymous_0)
DA:5,13
LF:1
LH:1
BRF:0
BRH:0
end_of_record
TN:
SF:src/views/LoginUI.js
FN:2,(anonymous_0)
FNF:1
FNH:1
FNDA:16,(anonymous_0)
DA:4,16
LF:1
LH:1
BRF:0
BRH:0
end_of_record
TN:
SF:src/views/NewBillUI.js
FN:3,(anonymous_0)
FNF:1
FNH:1
FNDA:7,(anonymous_0)
DA:5,7
LF:1
LH:1
BRF:0
BRH:0
end_of_record
TN:
SF:src/views/VerticalLayout.js
FN:5,(anonymous_0)
FNF:1
FNH:1
FNDA:53,(anonymous_0)
DA:7,53
DA:8,53
DA:9,41
DA:11,53
DA:12,25
DA:29,28
LF:6
LH:6
BRDA:8,0,0,41
BRDA:8,0,1,12
BRDA:11,1,0,25
BRDA:11,1,1,28
BRDA:11,2,0,53
BRDA:11,2,1,41
BRF:6
BRH:6
end_of_record
